<?xml version="1.0" encoding="UTF-8"?>
<testng-results ignored="0" total="1" passed="1" failed="0" skipped="0">
  <reporter-output>
  </reporter-output>
  <suite started-at="2024-10-05T23:08:27 BST" name="Suite" finished-at="2024-10-05T23:08:45 BST" duration-ms="17706">
    <groups>
    </groups>
    <test started-at="2024-10-05T23:08:27 BST" name="Test" finished-at="2024-10-05T23:08:45 BST" duration-ms="17706">
      <class name="Regression.LoginTest">
        <test-method is-config="true" signature="Initialization()[pri:0, instance:Regression.LoginTest@5386659f]" started-at="2024-10-05T23:08:27 BST" name="Initialization" finished-at="2024-10-05T23:08:38 BST" duration-ms="10248" status="PASS">
          <reporter-output>
          </reporter-output>
        </test-method> <!-- Initialization -->
        <test-method signature="ValidateWithCorrectUserName_PW()[pri:0, instance:Regression.LoginTest@5386659f]" started-at="2024-10-05T23:08:38 BST" name="ValidateWithCorrectUserName_PW" finished-at="2024-10-05T23:08:45 BST" duration-ms="6994" status="PASS">
          <reporter-output>
          </reporter-output>
        </test-method> <!-- ValidateWithCorrectUserName_PW -->
        <test-method is-config="true" signature="CleanUp()[pri:0, instance:Regression.LoginTest@5386659f]" started-at="2024-10-05T23:08:45 BST" name="CleanUp" finished-at="2024-10-05T23:08:45 BST" duration-ms="368" status="PASS">
          <reporter-output>
          </reporter-output>
        </test-method> <!-- CleanUp -->
      </class> <!-- Regression.LoginTest -->
    </test> <!-- Test -->
  </suite> <!-- Suite -->
</testng-results>
