<?xml version="1.0" encoding="UTF-8"?>
<testng-results ignored="0" total="1" passed="1" failed="0" skipped="0">
  <reporter-output>
  </reporter-output>
  <suite started-at="2024-09-29T19:43:33 BST" name="Default suite" finished-at="2024-09-29T19:43:45 BST" duration-ms="12609">
    <groups>
    </groups>
    <test started-at="2024-09-29T19:43:33 BST" name="Default test" finished-at="2024-09-29T19:43:45 BST" duration-ms="12609">
      <class name="Regression.LoginTest">
        <test-method is-config="true" signature="Initialization()[pri:0, instance:Regression.LoginTest@72cc7e6f]" started-at="2024-09-29T19:43:33 BST" name="Initialization" finished-at="2024-09-29T19:43:44 BST" duration-ms="10992" status="PASS">
          <reporter-output>
          </reporter-output>
        </test-method> <!-- Initialization -->
        <test-method signature="ValidateWithCorrectUserName_PW()[pri:0, instance:Regression.LoginTest@72cc7e6f]" started-at="2024-09-29T19:43:44 BST" name="ValidateWithCorrectUserName_PW" finished-at="2024-09-29T19:43:45 BST" duration-ms="1048" status="PASS">
          <reporter-output>
          </reporter-output>
        </test-method> <!-- ValidateWithCorrectUserName_PW -->
        <test-method is-config="true" signature="CleanUp()[pri:0, instance:Regression.LoginTest@72cc7e6f]" started-at="2024-09-29T19:43:45 BST" name="CleanUp" finished-at="2024-09-29T19:43:45 BST" duration-ms="439" status="PASS">
          <reporter-output>
          </reporter-output>
        </test-method> <!-- CleanUp -->
      </class> <!-- Regression.LoginTest -->
    </test> <!-- Default test -->
  </suite> <!-- Default suite -->
</testng-results>
